#
# A fatal error has been detected by the Java Runtime Environment:
#
#  EXCEPTION_ACCESS_VIOLATION (0xc0000005) at pc=0x00007ffd49f6e238, pid=3148, tid=0x0000000000000a8c
#
# JRE version: Java(TM) SE Runtime Environment (8.0_261-b12) (build 1.8.0_261-b12)
# Java VM: Java HotSpot(TM) 64-Bit Server VM (25.261-b12 mixed mode windows-amd64 compressed oops)
# Problematic frame:
# C  [_jpype.cp37-win_amd64.pyd+0x2e238]
#
# Failed to write core dump. Minidumps are not enabled by default on client versions of Windows
#
# If you would like to submit a bug report, please visit:
#   http://bugreport.java.com/bugreport/crash.jsp
# The crash happened outside the Java Virtual Machine in native code.
# See problematic frame for where to report the bug.
#

---------------  T H R E A D  ---------------

Current thread (0x000001fd9f8bd000):  JavaThread "main" [_thread_in_native, id=2700, stack(0x000000d158e00000,0x000000d158ff0000)]

siginfo: ExceptionCode=0xc0000005, writing address 0x0000000000000000

Registers:
RAX=0x0000000000000000, RBX=0x0000000000000000, RCX=0x000001fdb3279290, RDX=0x0000000000000000
RSP=0x000000d158fda5e0, RBP=0x000000d158fdcdb0, RSI=0x000001fd9f536a00, RDI=0x00007ffd3ec5e610
R8 =0x0000000000000003, R9 =0x0000000000000004, R10=0x000001fd9f8bf670, R11=0x000000d158fda5d0
R12=0x000000d158fda7e0, R13=0x000000d158fdeb00, R14=0x000001fdb5bb0f50, R15=0x0000000000000000
RIP=0x00007ffd49f6e238, EFLAGS=0x0000000000010246

Top of Stack: (sp=0x000000d158fda5e0)
0x000000d158fda5e0:   0000000000000000 0000000000000000
0x000000d158fda5f0:   000001fd9f536a00 00007ffd3ec5e610
0x000000d158fda600:   fffffffffffffffe 00007ffd3e96b831
0x000000d158fda610:   00007ffd3ec5e610 0000000000000000
0x000000d158fda620:   000001fd9f536a00 000001fd9f8bd1f8
0x000000d158fda630:   000001fd9f530100 00007ffd3ec5e610
0x000000d158fda640:   0000000000000000 000001fda0c9c808
0x000000d158fda650:   0000dd3a33cf9701 00007ffdb286f9c8
0x000000d158fda660:   000000d158fdbae8 00007ffd49f6d61a
0x000000d158fda670:   000001fd9f8bd1f8 000001fd9f8bd1f8
0x000000d158fda680:   000001fdb7fae870 000001fd9f536a00
0x000000d158fda690:   0000000000000000 000001fdb7fae870
0x000000d158fda6a0:   000001fd9f536a00 000001fd9f8bd1f8
0x000000d158fda6b0:   0000000000000000 00007ffda7edb1cb
0x000000d158fda6c0:   fffffffffffffffe 000000d158fdad30
0x000000d158fda6d0:   00006a98ffd10f0d 0000000a656e6f4e 

Instructions: (pc=0x00007ffd49f6e238)
0x00007ffd49f6e218:   08 01 00 00 48 ff 07 4c 8d 0d ba dd 00 00 4c 8b
0x00007ffd49f6e228:   c7 49 8b d6 e8 8f db 00 00 48 8b 8e 08 01 00 00
0x00007ffd49f6e238:   48 ff 03 4c 8d 0d 9e dd 00 00 4c 8b c3 49 8b d6
0x00007ffd49f6e248:   e8 73 db 00 00 c6 44 24 70 00 48 8b 4c 24 48 48 


Register to memory mapping:

RAX=0x0000000000000000 is an unknown value
RBX=0x0000000000000000 is an unknown value
RCX=0x000001fdb3279290 is an unknown value
RDX=0x0000000000000000 is an unknown value
RSP=0x000000d158fda5e0 is pointing into the stack for thread: 0x000001fd9f8bd000
RBP=0x000000d158fdcdb0 is pointing into the stack for thread: 0x000001fd9f8bd000
RSI=0x000001fd9f536a00 is an unknown value
RDI=0x00007ffd3ec5e610 is an unknown value
R8 =0x0000000000000003 is an unknown value
R9 =0x0000000000000004 is an unknown value
R10=0x000001fd9f8bf670 is an unknown value
R11=0x000000d158fda5d0 is pointing into the stack for thread: 0x000001fd9f8bd000
R12=0x000000d158fda7e0 is pointing into the stack for thread: 0x000001fd9f8bd000
R13=0x000000d158fdeb00 is pointing into the stack for thread: 0x000001fd9f8bd000
R14=0x000001fdb5bb0f50 is an unknown value
R15=0x0000000000000000 is an unknown value


Stack: [0x000000d158e00000,0x000000d158ff0000],  sp=0x000000d158fda5e0,  free space=1897k
Native frames: (J=compiled Java code, j=interpreted, Vv=VM code, C=native code)
C  [_jpype.cp37-win_amd64.pyd+0x2e238]
C  [_jpype.cp37-win_amd64.pyd+0x2d61a]
C  [_jpype.cp37-win_amd64.pyd+0x5fb09]
C  [VCRUNTIME140.dll+0x1030]
C  [VCRUNTIME140.dll+0x32f8]
C  [ntdll.dll+0xa0616]
C  [_jpype.cp37-win_amd64.pyd+0x42b5b]
C  [_jpype.cp37-win_amd64.pyd+0x5fadd]
C  [VCRUNTIME140.dll+0x1030]
C  [VCRUNTIME140.dll+0x32f8]
C  [ntdll.dll+0xa0616]
C  [_jpype.cp37-win_amd64.pyd+0x42af2]
C  0x000001fda0d29f4e

Java frames: (J=compiled Java code, j=interpreted, Vv=VM code)
j  org.jpype.manager.TypeFactoryNative.newWrapper(JJ)V+0
j  org.jpype.JPypeContext.newWrapper(J)V+16
v  ~StubRoutines::call_stub

---------------  P R O C E S S  ---------------

Java Threads: ( => current thread )
  0x000001fdb33a7800 JavaThread "Python Reference Queue" daemon [_thread_blocked, id=14740, stack(0x000000d15b0e0000,0x000000d15b2d0000)]
  0x000001fdb3276000 JavaThread "Service Thread" daemon [_thread_blocked, id=17832, stack(0x000000d15ad00000,0x000000d15aef0000)]
  0x000001fdb31d7800 JavaThread "C1 CompilerThread2" daemon [_thread_blocked, id=18436, stack(0x000000d15ab10000,0x000000d15ad00000)]
  0x000001fdb31d1800 JavaThread "C2 CompilerThread1" daemon [_thread_in_native, id=13356, stack(0x000000d15a920000,0x000000d15ab10000)]
  0x000001fdb31c7800 JavaThread "C2 CompilerThread0" daemon [_thread_blocked, id=13752, stack(0x000000d15a730000,0x000000d15a920000)]
  0x000001fdb31c6800 JavaThread "Attach Listener" daemon [_thread_blocked, id=15132, stack(0x000000d15a540000,0x000000d15a730000)]
  0x000001fdb31c5000 JavaThread "Signal Dispatcher" daemon [_thread_blocked, id=18116, stack(0x000000d15a350000,0x000000d15a540000)]
  0x000001fd9fa6b000 JavaThread "Finalizer" daemon [_thread_blocked, id=18164, stack(0x000000d15a160000,0x000000d15a350000)]
  0x000001fd9fa60000 JavaThread "Reference Handler" daemon [_thread_blocked, id=7908, stack(0x000000d159f70000,0x000000d15a160000)]
=>0x000001fd9f8bd000 JavaThread "main" [_thread_in_native, id=2700, stack(0x000000d158e00000,0x000000d158ff0000)]

Other Threads:
  0x000001fdb3150000 VMThread [stack: 0x000000d159d80000,0x000000d159f70000] [id=18992]
  0x000001fdb3277000 WatcherThread [stack: 0x000000d15aef0000,0x000000d15b0e0000] [id=8092]

VM state:not at safepoint (normal execution)

VM Mutex/Monitor currently owned by a thread: None

heap address: 0x00000000c0000000, size: 1024 MB, Compressed Oops mode: 32-bit
Narrow klass base: 0x0000000000000000, Narrow klass shift: 3
Compressed class space size: 1073741824 Address: 0x0000000100000000

Heap:
 PSYoungGen      total 281088K, used 207294K [0x00000000eab00000, 0x00000000fd000000, 0x0000000100000000)
  eden space 262144K, 79% used [0x00000000eab00000,0x00000000f756fb08,0x00000000fab00000)
  from space 18944K, 0% used [0x00000000fbd80000,0x00000000fbd80000,0x00000000fd000000)
  to   space 18944K, 0% used [0x00000000fab00000,0x00000000fab00000,0x00000000fbd80000)
 ParOldGen       total 86016K, used 55303K [0x00000000c0000000, 0x00000000c5400000, 0x00000000eab00000)
  object space 86016K, 64% used [0x00000000c0000000,0x00000000c3601c00,0x00000000c5400000)
 Metaspace       used 13777K, capacity 14440K, committed 14592K, reserved 1060864K
  class space    used 2082K, capacity 2249K, committed 2304K, reserved 1048576K

Card table byte_map: [0x000001fdb00d0000,0x000001fdb02e0000] byte_map_base: 0x000001fdafad0000

Marking Bits: (ParMarkBitMap*) 0x0000000050fc4fb0
 Begin Bits: [0x000001fdb0440000, 0x000001fdb1440000)
 End Bits:   [0x000001fdb1440000, 0x000001fdb2440000)

Polling page: 0x000001fda0ce0000

CodeCache: size=245760Kb used=9581Kb max_used=9581Kb free=236178Kb
 bounds [0x000001fda0d10000, 0x000001fda1680000, 0x000001fdafd10000]
 total_blobs=3178 nmethods=2808 adapters=282
 compilation: enabled

Compilation events (10 events):
Event: 9.803 Thread 0x000001fdb31d7800 2826       1       org.openkoreantext.processor.util.KoreanPos$::Space (5 bytes)
Event: 9.803 Thread 0x000001fdb31d7800 nmethod 2826 0x000001fda1671290 code [0x000001fda16713e0, 0x000001fda16714f8]
Event: 9.804 Thread 0x000001fdb31d7800 2827       3       java.lang.String::valueOf (14 bytes)
Event: 9.804 Thread 0x000001fdb31d7800 nmethod 2827 0x000001fda1671550 code [0x000001fda16716c0, 0x000001fda1671910]
Event: 9.804 Thread 0x000001fdb31d7800 2828       3       scala.collection.mutable.HashMap::elemHashCode (6 bytes)
Event: 9.805 Thread 0x000001fdb31d7800 nmethod 2828 0x000001fda16719d0 code [0x000001fda1671b40, 0x000001fda1671d90]
Event: 9.805 Thread 0x000001fdb31d7800 2829       3       scala.collection.mutable.HashTable$HashUtils::elemHashCode$ (6 bytes)
Event: 9.805 Thread 0x000001fdb31d7800 nmethod 2829 0x000001fda1671e90 code [0x000001fda1672000, 0x000001fda16721d0]
Event: 9.805 Thread 0x000001fdb31d7800 2830       1       scala.Enumeration::nmap (5 bytes)
Event: 9.805 Thread 0x000001fdb31d7800 nmethod 2830 0x000001fda16722d0 code [0x000001fda1672420, 0x000001fda1672538]

GC Heap History (10 events):
Event: 8.311 GC heap before
{Heap before GC invocations=27 (full 11):
 PSYoungGen      total 136192K, used 131072K [0x00000000eab00000, 0x00000000fb500000, 0x0000000100000000)
  eden space 131072K, 100% used [0x00000000eab00000,0x00000000f2b00000,0x00000000f2b00000)
  from space 5120K, 0% used [0x00000000f2b00000,0x00000000f2b00000,0x00000000f3000000)
  to   space 5120K, 0% used [0x00000000fb000000,0x00000000fb000000,0x00000000fb500000)
 ParOldGen       total 86016K, used 39417K [0x00000000c0000000, 0x00000000c5400000, 0x00000000eab00000)
  object space 86016K, 45% used [0x00000000c0000000,0x00000000c267e438,0x00000000c5400000)
 Metaspace       used 13519K, capacity 14178K, committed 14336K, reserved 1060864K
  class space    used 2048K, capacity 2209K, committed 2304K, reserved 1048576K
Event: 8.348 GC heap after
Heap after GC invocations=27 (full 11):
 PSYoungGen      total 251904K, used 5120K [0x00000000eab00000, 0x00000000fd300000, 0x0000000100000000)
  eden space 246784K, 0% used [0x00000000eab00000,0x00000000eab00000,0x00000000f9c00000)
  from space 5120K, 100% used [0x00000000fb000000,0x00000000fb500000,0x00000000fb500000)
  to   space 20480K, 0% used [0x00000000f9c00000,0x00000000f9c00000,0x00000000fb000000)
 ParOldGen       total 86016K, used 50590K [0x00000000c0000000, 0x00000000c5400000, 0x00000000eab00000)
  object space 86016K, 58% used [0x00000000c0000000,0x00000000c3167930,0x00000000c5400000)
 Metaspace       used 13519K, capacity 14178K, committed 14336K, reserved 1060864K
  class space    used 2048K, capacity 2209K, committed 2304K, reserved 1048576K
}
Event: 8.380 GC heap before
{Heap before GC invocations=28 (full 11):
 PSYoungGen      total 251904K, used 24927K [0x00000000eab00000, 0x00000000fd300000, 0x0000000100000000)
  eden space 246784K, 8% used [0x00000000eab00000,0x00000000ebe57d28,0x00000000f9c00000)
  from space 5120K, 100% used [0x00000000fb000000,0x00000000fb500000,0x00000000fb500000)
  to   space 20480K, 0% used [0x00000000f9c00000,0x00000000f9c00000,0x00000000fb000000)
 ParOldGen       total 86016K, used 50590K [0x00000000c0000000, 0x00000000c5400000, 0x00000000eab00000)
  object space 86016K, 58% used [0x00000000c0000000,0x00000000c3167930,0x00000000c5400000)
 Metaspace       used 13527K, capacity 14186K, committed 14336K, reserved 1060864K
  class space    used 2051K, capacity 2212K, committed 2304K, reserved 1048576K
Event: 8.402 GC heap after
Heap after GC invocations=28 (full 11):
 PSYoungGen      total 267264K, used 7232K [0x00000000eab00000, 0x00000000fd000000, 0x0000000100000000)
  eden space 246784K, 0% used [0x00000000eab00000,0x00000000eab00000,0x00000000f9c00000)
  from space 20480K, 35% used [0x00000000f9c00000,0x00000000fa310000,0x00000000fb000000)
  to   space 18944K, 0% used [0x00000000fbd80000,0x00000000fbd80000,0x00000000fd000000)
 ParOldGen       total 86016K, used 50590K [0x00000000c0000000, 0x00000000c5400000, 0x00000000eab00000)
  object space 86016K, 58% used [0x00000000c0000000,0x00000000c3167930,0x00000000c5400000)
 Metaspace       used 13527K, capacity 14186K, committed 14336K, reserved 1060864K
  class space    used 2051K, capacity 2212K, committed 2304K, reserved 1048576K
}
Event: 8.402 GC heap before
{Heap before GC invocations=29 (full 12):
 PSYoungGen      total 267264K, used 7232K [0x00000000eab00000, 0x00000000fd000000, 0x0000000100000000)
  eden space 246784K, 0% used [0x00000000eab00000,0x00000000eab00000,0x00000000f9c00000)
  from space 20480K, 35% used [0x00000000f9c00000,0x00000000fa310000,0x00000000fb000000)
  to   space 18944K, 0% used [0x00000000fbd80000,0x00000000fbd80000,0x00000000fd000000)
 ParOldGen       total 86016K, used 50590K [0x00000000c0000000, 0x00000000c5400000, 0x00000000eab00000)
  object space 86016K, 58% used [0x00000000c0000000,0x00000000c3167930,0x00000000c5400000)
 Metaspace       used 13527K, capacity 14186K, committed 14336K, reserved 1060864K
  class space    used 2051K, capacity 2212K, committed 2304K, reserved 1048576K
Event: 8.697 GC heap after
Heap after GC invocations=29 (full 12):
 PSYoungGen      total 267264K, used 0K [0x00000000eab00000, 0x00000000fd000000, 0x0000000100000000)
  eden space 246784K, 0% used [0x00000000eab00000,0x00000000eab00000,0x00000000f9c00000)
  from space 20480K, 0% used [0x00000000f9c00000,0x00000000f9c00000,0x00000000fb000000)
  to   space 18944K, 0% used [0x00000000fbd80000,0x00000000fbd80000,0x00000000fd000000)
 ParOldGen       total 86016K, used 57375K [0x00000000c0000000, 0x00000000c5400000, 0x00000000eab00000)
  object space 86016K, 66% used [0x00000000c0000000,0x00000000c3807fb8,0x00000000c5400000)
 Metaspace       used 13527K, capacity 14186K, committed 14336K, reserved 1060864K
  class space    used 2051K, capacity 2212K, committed 2304K, reserved 1048576K
}
Event: 8.727 GC heap before
{Heap before GC invocations=30 (full 12):
 PSYoungGen      total 267264K, used 19807K [0x00000000eab00000, 0x00000000fd000000, 0x0000000100000000)
  eden space 246784K, 8% used [0x00000000eab00000,0x00000000ebe57ca0,0x00000000f9c00000)
  from space 20480K, 0% used [0x00000000f9c00000,0x00000000f9c00000,0x00000000fb000000)
  to   space 18944K, 0% used [0x00000000fbd80000,0x00000000fbd80000,0x00000000fd000000)
 ParOldGen       total 86016K, used 57375K [0x00000000c0000000, 0x00000000c5400000, 0x00000000eab00000)
  object space 86016K, 66% used [0x00000000c0000000,0x00000000c3807fb8,0x00000000c5400000)
 Metaspace       used 13528K, capacity 14186K, committed 14336K, reserved 1060864K
  class space    used 2051K, capacity 2212K, committed 2304K, reserved 1048576K
Event: 8.735 GC heap after
Heap after GC invocations=30 (full 12):
 PSYoungGen      total 281088K, used 2816K [0x00000000eab00000, 0x00000000fd000000, 0x0000000100000000)
  eden space 262144K, 0% used [0x00000000eab00000,0x00000000eab00000,0x00000000fab00000)
  from space 18944K, 14% used [0x00000000fbd80000,0x00000000fc040000,0x00000000fd000000)
  to   space 18944K, 0% used [0x00000000fab00000,0x00000000fab00000,0x00000000fbd80000)
 ParOldGen       total 86016K, used 57375K [0x00000000c0000000, 0x00000000c5400000, 0x00000000eab00000)
  object space 86016K, 66% used [0x00000000c0000000,0x00000000c3807fb8,0x00000000c5400000)
 Metaspace       used 13528K, capacity 14186K, committed 14336K, reserved 1060864K
  class space    used 2051K, capacity 2212K, committed 2304K, reserved 1048576K
}
Event: 8.735 GC heap before
{Heap before GC invocations=31 (full 13):
 PSYoungGen      total 281088K, used 2816K [0x00000000eab00000, 0x00000000fd000000, 0x0000000100000000)
  eden space 262144K, 0% used [0x00000000eab00000,0x00000000eab00000,0x00000000fab00000)
  from space 18944K, 14% used [0x00000000fbd80000,0x00000000fc040000,0x00000000fd000000)
  to   space 18944K, 0% used [0x00000000fab00000,0x00000000fab00000,0x00000000fbd80000)
 ParOldGen       total 86016K, used 57375K [0x00000000c0000000, 0x00000000c5400000, 0x00000000eab00000)
  object space 86016K, 66% used [0x00000000c0000000,0x00000000c3807fb8,0x00000000c5400000)
 Metaspace       used 13528K, capacity 14186K, committed 14336K, reserved 1060864K
  class space    used 2051K, capacity 2212K, committed 2304K, reserved 1048576K
Event: 8.926 GC heap after
Heap after GC invocations=31 (full 13):
 PSYoungGen      total 281088K, used 0K [0x00000000eab00000, 0x00000000fd000000, 0x0000000100000000)
  eden space 262144K, 0% used [0x00000000eab00000,0x00000000eab00000,0x00000000fab00000)
  from space 18944K, 0% used [0x00000000fbd80000,0x00000000fbd80000,0x00000000fd000000)
  to   space 18944K, 0% used [0x00000000fab00000,0x00000000fab00000,0x00000000fbd80000)
 ParOldGen       total 86016K, used 55303K [0x00000000c0000000, 0x00000000c5400000, 0x00000000eab00000)
  object space 86016K, 64% used [0x00000000c0000000,0x00000000c3601c00,0x00000000c5400000)
 Metaspace       used 13528K, capacity 14186K, committed 14336K, reserved 1060864K
  class space    used 2051K, capacity 2212K, committed 2304K, reserved 1048576K
}

Deoptimization events (10 events):
Event: 8.254 Thread 0x000001fd9f8bd000 Uncommon trap: reason=bimorphic action=maybe_recompile pc=0x000001fda163b040 method=scala.collection.immutable.HashMap$HashTrieMap.updated0(Ljava/lang/Object;IILjava/lang/Object;Lscala/Tuple2;Lscala/collection/immutable/HashMap$Merger;)Lscala/collection/i
Event: 8.255 Thread 0x000001fd9f8bd000 Uncommon trap: reason=speculate_class_check action=maybe_recompile pc=0x000001fda163adcc method=scala.collection.immutable.HashMap$HashTrieMap.updated0(Ljava/lang/Object;IILjava/lang/Object;Lscala/Tuple2;Lscala/collection/immutable/HashMap$Merger;)Lscala/
Event: 8.255 Thread 0x000001fd9f8bd000 Uncommon trap: reason=speculate_class_check action=maybe_recompile pc=0x000001fda163acfc method=scala.collection.immutable.HashMap$HashTrieMap.updated0(Ljava/lang/Object;IILjava/lang/Object;Lscala/Tuple2;Lscala/collection/immutable/HashMap$Merger;)Lscala/
Event: 8.255 Thread 0x000001fd9f8bd000 Uncommon trap: reason=uninitialized action=reinterpret pc=0x000001fda163a898 method=scala.collection.immutable.HashMap$HashMap1.updated0(Ljava/lang/Object;IILjava/lang/Object;Lscala/Tuple2;Lscala/collection/immutable/HashMap$Merger;)Lscala/collection/immu
Event: 9.202 Thread 0x000001fd9f8bd000 Uncommon trap: reason=class_check action=maybe_recompile pc=0x000001fda163e15c method=scala.collection.mutable.MapBuilder.$plus$eq(Lscala/Tuple2;)Lscala/collection/mutable/MapBuilder; @ 6
Event: 9.202 Thread 0x000001fd9f8bd000 Uncommon trap: reason=class_check action=maybe_recompile pc=0x000001fda163e15c method=scala.collection.mutable.MapBuilder.$plus$eq(Lscala/Tuple2;)Lscala/collection/mutable/MapBuilder; @ 6
Event: 9.202 Thread 0x000001fd9f8bd000 Uncommon trap: reason=class_check action=maybe_recompile pc=0x000001fda163e15c method=scala.collection.mutable.MapBuilder.$plus$eq(Lscala/Tuple2;)Lscala/collection/mutable/MapBuilder; @ 6
Event: 9.202 Thread 0x000001fd9f8bd000 Uncommon trap: reason=class_check action=maybe_recompile pc=0x000001fda163e15c method=scala.collection.mutable.MapBuilder.$plus$eq(Lscala/Tuple2;)Lscala/collection/mutable/MapBuilder; @ 6
Event: 9.202 Thread 0x000001fd9f8bd000 Uncommon trap: reason=class_check action=maybe_recompile pc=0x000001fda163dc78 method=scala.collection.mutable.MapBuilder.$plus$eq(Lscala/Tuple2;)Lscala/collection/mutable/MapBuilder; @ 6
Event: 9.625 Thread 0x000001fd9f8bd000 Uncommon trap: reason=unstable_if action=reinterpret pc=0x000001fda1232850 method=scala.collection.immutable.HashMap$HashTrieMap.get0(Ljava/lang/Object;II)Lscala/Option; @ 13

Classes redefined (0 events):
No events

Internal exceptions (10 events):
Event: 7.242 Thread 0x000001fd9f8bd000 Exception <a 'java/lang/NoSuchMethodError': java.lang.Object.$anonfun$sliding$1(Lscala/collection/IterableLike;Lscala/collection/Seq;)Ljava/lang/Object;> (0x00000000f1f22518) thrown at [C:\jenkins\workspace\8-2-build-windows-amd64-cygwin\jdk8u261\295\hots
Event: 7.250 Thread 0x000001fd9f8bd000 Exception <a 'java/lang/NoSuchMethodError': java.lang.Object.$anonfun$sum$1(Lscala/math/Numeric;Ljava/lang/Object;Ljava/lang/Object;)Ljava/lang/Object;> (0x00000000f1f6b770) thrown at [C:\jenkins\workspace\8-2-build-windows-amd64-cygwin\jdk8u261\295\hotsp
Event: 7.259 Thread 0x000001fd9f8bd000 Exception <a 'java/lang/NoSuchMethodError': java.lang.Object.$anonfun$releaseVersion$1$adapted(Ljava/lang/String;)Ljava/lang/Object;> (0x00000000f1fa6b90) thrown at [C:\jenkins\workspace\8-2-build-windows-amd64-cygwin\jdk8u261\295\hotspot\src\share\vm\int
Event: 7.260 Thread 0x000001fd9f8bd000 Exception <a 'java/lang/NoSuchMethodError': java.lang.Object.$anonfun$releaseVersion$2(Ljava/lang/String;)Ljava/lang/String;> (0x00000000f1fb1568) thrown at [C:\jenkins\workspace\8-2-build-windows-amd64-cygwin\jdk8u261\295\hotspot\src\share\vm\interpreter
Event: 7.261 Thread 0x000001fd9f8bd000 Exception <a 'java/lang/NoSuchMethodError': java.lang.Object.$anonfun$developmentVersion$1$adapted(Ljava/lang/String;)Ljava/lang/Object;> (0x00000000f1fb5700) thrown at [C:\jenkins\workspace\8-2-build-windows-amd64-cygwin\jdk8u261\295\hotspot\src\share\vm
Event: 7.262 Thread 0x000001fd9f8bd000 Exception <a 'java/lang/NoSuchMethodError': java.lang.Object.$anonfun$developmentVersion$2(Lscala/util/PropertiesTrait;Ljava/lang/String;)Lscala/Option;> (0x00000000f1fb94c8) thrown at [C:\jenkins\workspace\8-2-build-windows-amd64-cygwin\jdk8u261\295\hots
Event: 7.276 Thread 0x000001fd9f8bd000 Exception <a 'java/lang/NoSuchMethodError': java.lang.Object.$anonfun$distinct$1(Lscala/collection/mutable/Builder;Lscala/collection/mutable/HashSet;Ljava/lang/Object;)Ljava/lang/Object;> (0x00000000f2017fc0) thrown at [C:\jenkins\workspace\8-2-build-wind
Event: 7.480 Thread 0x000001fd9f8bd000 Exception <a 'java/lang/NoSuchMethodError': java.lang.Object.$anonfun$addString$1(Lscala/collection/mutable/StringBuilder;Ljava/lang/String;Lscala/runtime/BooleanRef;Ljava/lang/Object;)Ljava/lang/Object;> (0x00000000f25a3410) thrown at [C:\jenkins\workspa
Event: 9.788 Thread 0x000001fd9f8bd000 Exception <a 'java/lang/NoSuchMethodError': java.lang.Object.$anonfun$filterImpl$1(Lscala/Function1;ZLscala/collection/mutable/Builder;Ljava/lang/Object;)Ljava/lang/Object;> (0x00000000f7201b28) thrown at [C:\jenkins\workspace\8-2-build-windows-amd64-cygw
Event: 9.805 Thread 0x000001fd9f8bd000 Exception <a 'java/lang/InterruptedException': sleep interrupted> (0x00000000f7217b68) thrown at [C:\jenkins\workspace\8-2-build-windows-amd64-cygwin\jdk8u261\295\hotspot\src\share\vm\prims\jvm.cpp, line 3298]

Events (10 events):
Event: 9.737 loading class scala/reflect/ClassTag$
Event: 9.737 loading class scala/reflect/ClassTag$ done
Event: 9.787 loading class scala/reflect/ClassTag$GenericClassTag
Event: 9.787 loading class scala/reflect/ClassTag$GenericClassTag done
Event: 9.788 loading class scala/Function1
Event: 9.788 loading class scala/Function1 done
Event: 9.788 loading class scala/Function1
Event: 9.788 loading class scala/Function1 done
Event: 9.809 loading class org/jpype/ref/JPypeReferenceSet$Pool
Event: 9.809 loading class org/jpype/ref/JPypeReferenceSet$Pool done


Dynamic libraries:
0x00007ff6514d0000 - 0x00007ff6514ec000 	C:\Users\jongm\anaconda3\envs\tensorflow\python.exe
0x00007ffdaaca0000 - 0x00007ffdaae90000 	C:\windows\SYSTEM32\ntdll.dll
0x00007ffda9580000 - 0x00007ffda9632000 	C:\windows\System32\KERNEL32.DLL
0x00007ffda7eb0000 - 0x00007ffda8155000 	C:\windows\System32\KERNELBASE.dll
0x00007ffda8b70000 - 0x00007ffda8c6a000 	C:\windows\System32\ucrtbase.dll
0x00007ffd97ce0000 - 0x00007ffd97cf5000 	C:\Users\jongm\anaconda3\envs\tensorflow\VCRUNTIME140.dll
0x00007ffd3e960000 - 0x00007ffd3ed23000 	C:\Users\jongm\anaconda3\envs\tensorflow\python37.dll
0x00007ffda99c0000 - 0x00007ffda9a12000 	C:\windows\System32\SHLWAPI.dll
0x00007ffdaa6f0000 - 0x00007ffdaa78e000 	C:\windows\System32\msvcrt.dll
0x00007ffda8fd0000 - 0x00007ffda9305000 	C:\windows\System32\combase.dll
0x00007ffdaa5d0000 - 0x00007ffdaa6f0000 	C:\windows\System32\RPCRT4.dll
0x00007ffd982f0000 - 0x00007ffd982fa000 	C:\windows\SYSTEM32\VERSION.dll
0x00007ffda7c90000 - 0x00007ffda7d10000 	C:\windows\System32\bcryptPrimitives.dll
0x00007ffda8f80000 - 0x00007ffda8fa6000 	C:\windows\System32\GDI32.dll
0x00007ffda8d20000 - 0x00007ffda8d41000 	C:\windows\System32\win32u.dll
0x00007ffda89d0000 - 0x00007ffda8b66000 	C:\windows\System32\gdi32full.dll
0x00007ffda8930000 - 0x00007ffda89ce000 	C:\windows\System32\msvcp_win.dll
0x00007ffdaa430000 - 0x00007ffdaa5c5000 	C:\windows\System32\USER32.dll
0x00007ffda9780000 - 0x00007ffda97ef000 	C:\windows\System32\WS2_32.dll
0x00007ffda94d0000 - 0x00007ffda9573000 	C:\windows\System32\ADVAPI32.dll
0x00007ffda8e00000 - 0x00007ffda8e97000 	C:\windows\System32\sechost.dll
0x00007ffda9870000 - 0x00007ffda989e000 	C:\windows\System32\IMM32.DLL
0x00007ffda8160000 - 0x00007ffda8177000 	C:\windows\System32\CRYPTSP.dll
0x00007ffda6f20000 - 0x00007ffda6f53000 	C:\windows\system32\rsaenh.dll
0x00007ffda8900000 - 0x00007ffda8926000 	C:\windows\System32\bcrypt.dll
0x00007ffda7580000 - 0x00007ffda758c000 	C:\windows\SYSTEM32\CRYPTBASE.dll
0x00007ffd3fe70000 - 0x00007ffd3fe7f000 	C:\Users\jongm\anaconda3\envs\tensorflow\python3.DLL
0x00007ffd3d8d0000 - 0x00007ffd3d8f3000 	C:\Users\jongm\anaconda3\envs\tensorflow\DLLs\_ctypes.pyd
0x00007ffdaa2c0000 - 0x00007ffdaa417000 	C:\windows\System32\ole32.dll
0x00007ffda9310000 - 0x00007ffda93d5000 	C:\windows\System32\OLEAUT32.dll
0x00007ffd9fc70000 - 0x00007ffd9fc77000 	C:\Users\jongm\anaconda3\envs\tensorflow\lib\site-packages\mkl\_mklinit.cp37-win_amd64.pyd
0x00007ffd2ac80000 - 0x00007ffd2bcdd000 	C:\Users\jongm\anaconda3\envs\tensorflow\Library\bin\mkl_rt.dll
0x00007ffd9fbc0000 - 0x00007ffd9fbe2000 	C:\Users\jongm\anaconda3\envs\tensorflow\lib\site-packages\mkl\_py_mkl_service.cp37-win_amd64.pyd
0x00007ffd80ef0000 - 0x00007ffd811b8000 	C:\Users\jongm\anaconda3\envs\tensorflow\lib\site-packages\numpy\core\_multiarray_umath.cp37-win_amd64.pyd
0x00007ffd941f0000 - 0x00007ffd9420f000 	C:\Users\jongm\anaconda3\envs\tensorflow\lib\site-packages\numpy\core\_multiarray_tests.cp37-win_amd64.pyd
0x00007ffd9fbb0000 - 0x00007ffd9fbb9000 	C:\Users\jongm\anaconda3\envs\tensorflow\lib\site-packages\numpy\linalg\lapack_lite.cp37-win_amd64.pyd
0x00007ffd93e10000 - 0x00007ffd93e3a000 	C:\Users\jongm\anaconda3\envs\tensorflow\lib\site-packages\numpy\linalg\_umath_linalg.cp37-win_amd64.pyd
0x00007ffd3fe50000 - 0x00007ffd3fe68000 	C:\Users\jongm\anaconda3\envs\tensorflow\DLLs\_bz2.pyd
0x00007ffd3d940000 - 0x00007ffd3d970000 	C:\Users\jongm\anaconda3\envs\tensorflow\DLLs\_lzma.pyd
0x00007ffd3d750000 - 0x00007ffd3d794000 	C:\Users\jongm\anaconda3\envs\tensorflow\DLLs\_decimal.pyd
0x00007ffd93df0000 - 0x00007ffd93e10000 	C:\Users\jongm\anaconda3\envs\tensorflow\lib\site-packages\numpy\fft\_pocketfft_internal.cp37-win_amd64.pyd
0x00007ffd80e60000 - 0x00007ffd80eef000 	C:\Users\jongm\anaconda3\envs\tensorflow\lib\site-packages\numpy\random\mtrand.cp37-win_amd64.pyd
0x00007ffd81280000 - 0x00007ffd812aa000 	C:\Users\jongm\anaconda3\envs\tensorflow\lib\site-packages\numpy\random\bit_generator.cp37-win_amd64.pyd
0x00007ffd81240000 - 0x00007ffd81271000 	C:\Users\jongm\anaconda3\envs\tensorflow\lib\site-packages\numpy\random\_common.cp37-win_amd64.pyd
0x00007ffd3d7e0000 - 0x00007ffd3d7ed000 	C:\Users\jongm\anaconda3\envs\tensorflow\DLLs\_hashlib.pyd
0x0000000067e00000 - 0x00000000680ab000 	C:\Program Files\Git\mingw64\bin\libcrypto-1_1-x64.dll
0x00007ffd80e20000 - 0x00007ffd80e60000 	C:\Users\jongm\anaconda3\envs\tensorflow\lib\site-packages\numpy\random\_bounded_integers.cp37-win_amd64.pyd
0x00007ffd812e0000 - 0x00007ffd812f8000 	C:\Users\jongm\anaconda3\envs\tensorflow\lib\site-packages\numpy\random\_mt19937.cp37-win_amd64.pyd
0x00007ffd80e00000 - 0x00007ffd80e17000 	C:\Users\jongm\anaconda3\envs\tensorflow\lib\site-packages\numpy\random\_philox.cp37-win_amd64.pyd
0x00007ffd80de0000 - 0x00007ffd80df5000 	C:\Users\jongm\anaconda3\envs\tensorflow\lib\site-packages\numpy\random\_pcg64.cp37-win_amd64.pyd
0x00007ffd80dc0000 - 0x00007ffd80dd2000 	C:\Users\jongm\anaconda3\envs\tensorflow\lib\site-packages\numpy\random\_sfc64.cp37-win_amd64.pyd
0x00007ffd80d10000 - 0x00007ffd80db4000 	C:\Users\jongm\anaconda3\envs\tensorflow\lib\site-packages\numpy\random\_generator.cp37-win_amd64.pyd
0x00007ffd25710000 - 0x00007ffd284dd000 	C:\Users\jongm\anaconda3\envs\tensorflow\Library\bin\mkl_intel_thread.dll
0x00007ffd20f70000 - 0x00007ffd2570a000 	C:\Users\jongm\anaconda3\envs\tensorflow\Library\bin\mkl_core.dll
0x00007ffd1e780000 - 0x00007ffd20f62000 	C:\Users\jongm\anaconda3\envs\tensorflow\Library\bin\mkl_avx2.dll
0x00007ffd1d910000 - 0x00007ffd1e77d000 	C:\Users\jongm\anaconda3\envs\tensorflow\Library\bin\mkl_vml_avx2.dll
0x00007ffd80c00000 - 0x00007ffd80d0d000 	C:\Users\jongm\anaconda3\envs\tensorflow\lib\site-packages\pandas\_libs\interval.cp37-win_amd64.pyd
0x00007ffd80ab0000 - 0x00007ffd80b31000 	C:\Users\jongm\anaconda3\envs\tensorflow\lib\site-packages\pandas\_libs\hashtable.cp37-win_amd64.pyd
0x00007ffd80a80000 - 0x00007ffd80aab000 	C:\Users\jongm\anaconda3\envs\tensorflow\lib\site-packages\pandas\_libs\missing.cp37-win_amd64.pyd
0x00007ffd80a60000 - 0x00007ffd80a7d000 	C:\Users\jongm\anaconda3\envs\tensorflow\lib\site-packages\pandas\_libs\tslibs\dtypes.cp37-win_amd64.pyd
0x00007ffd80a20000 - 0x00007ffd80a5c000 	C:\Users\jongm\anaconda3\envs\tensorflow\lib\site-packages\pandas\_libs\tslibs\conversion.cp37-win_amd64.pyd
0x00007ffd93fb0000 - 0x00007ffd93fbf000 	C:\Users\jongm\anaconda3\envs\tensorflow\lib\site-packages\pandas\_libs\tslibs\base.cp37-win_amd64.pyd
0x00007ffd809f0000 - 0x00007ffd80a1f000 	C:\Users\jongm\anaconda3\envs\tensorflow\lib\site-packages\pandas\_libs\tslibs\nattype.cp37-win_amd64.pyd
0x00007ffd93dc0000 - 0x00007ffd93dcf000 	C:\Users\jongm\anaconda3\envs\tensorflow\lib\site-packages\pandas\_libs\tslibs\np_datetime.cp37-win_amd64.pyd
0x00007ffd809b0000 - 0x00007ffd809e4000 	C:\Users\jongm\anaconda3\envs\tensorflow\lib\site-packages\pandas\_libs\tslibs\timezones.cp37-win_amd64.pyd
0x00007ffd80970000 - 0x00007ffd809ab000 	C:\Users\jongm\anaconda3\envs\tensorflow\lib\site-packages\pandas\_libs\tslibs\tzconversion.cp37-win_amd64.pyd
0x00007ffd80950000 - 0x00007ffd80962000 	C:\Users\jongm\anaconda3\envs\tensorflow\lib\site-packages\pandas\_libs\tslibs\ccalendar.cp37-win_amd64.pyd
0x00007ffd808f0000 - 0x00007ffd80941000 	C:\Users\jongm\anaconda3\envs\tensorflow\lib\site-packages\pandas\_libs\tslibs\parsing.cp37-win_amd64.pyd
0x00007ffd7edb0000 - 0x00007ffd7ee75000 	C:\Users\jongm\anaconda3\envs\tensorflow\lib\site-packages\pandas\_libs\tslibs\offsets.cp37-win_amd64.pyd
0x00007ffd80820000 - 0x00007ffd8087d000 	C:\Users\jongm\anaconda3\envs\tensorflow\lib\site-packages\pandas\_libs\tslibs\timedeltas.cp37-win_amd64.pyd
0x00007ffd807c0000 - 0x00007ffd8081f000 	C:\Users\jongm\anaconda3\envs\tensorflow\lib\site-packages\pandas\_libs\tslibs\timestamps.cp37-win_amd64.pyd
0x00007ffd7ef10000 - 0x00007ffd7ef4c000 	C:\Users\jongm\anaconda3\envs\tensorflow\lib\site-packages\pandas\_libs\tslibs\fields.cp37-win_amd64.pyd
0x00007ffd7eec0000 - 0x00007ffd7ef0d000 	C:\Users\jongm\anaconda3\envs\tensorflow\lib\site-packages\pandas\_libs\tslibs\strptime.cp37-win_amd64.pyd
0x00007ffd80520000 - 0x00007ffd80533000 	C:\Users\jongm\anaconda3\envs\tensorflow\lib\site-packages\pandas\_libs\properties.cp37-win_amd64.pyd
0x00007ffd7ed50000 - 0x00007ffd7eda9000 	C:\Users\jongm\anaconda3\envs\tensorflow\lib\site-packages\pandas\_libs\tslibs\period.cp37-win_amd64.pyd
0x00007ffd7abd0000 - 0x00007ffd7ac04000 	C:\Users\jongm\anaconda3\envs\tensorflow\lib\site-packages\pandas\_libs\tslibs\vectorized.cp37-win_amd64.pyd
0x00007ffd7ac40000 - 0x00007ffd7ac52000 	C:\Users\jongm\anaconda3\envs\tensorflow\lib\site-packages\pandas\_libs\ops_dispatch.cp37-win_amd64.pyd
0x00007ffd5fd10000 - 0x00007ffd5fe3f000 	C:\Users\jongm\anaconda3\envs\tensorflow\lib\site-packages\pandas\_libs\algos.cp37-win_amd64.pyd
0x00007ffd7aac0000 - 0x00007ffd7ab2f000 	C:\Users\jongm\anaconda3\envs\tensorflow\lib\site-packages\pandas\_libs\lib.cp37-win_amd64.pyd
0x00007ffd7a690000 - 0x00007ffd7a6b6000 	C:\Users\jongm\anaconda3\envs\tensorflow\lib\site-packages\pandas\_libs\tslib.cp37-win_amd64.pyd
0x00007ffd7a660000 - 0x00007ffd7a68b000 	C:\Users\jongm\anaconda3\envs\tensorflow\lib\site-packages\pandas\_libs\hashing.cp37-win_amd64.pyd
0x00007ffd76800000 - 0x00007ffd76832000 	C:\Users\jongm\anaconda3\envs\tensorflow\lib\site-packages\pandas\_libs\ops.cp37-win_amd64.pyd
0x00007ffd72a40000 - 0x00007ffd72ab3000 	C:\Users\jongm\anaconda3\envs\tensorflow\lib\site-packages\pandas\_libs\index.cp37-win_amd64.pyd
0x00007ffd5f250000 - 0x00007ffd5f422000 	C:\Users\jongm\anaconda3\envs\tensorflow\lib\site-packages\pandas\_libs\join.cp37-win_amd64.pyd
0x00007ffd6e9b0000 - 0x00007ffd6ea76000 	C:\Users\jongm\anaconda3\envs\tensorflow\lib\site-packages\pandas\_libs\sparse.cp37-win_amd64.pyd
0x00007ffd6ee90000 - 0x00007ffd6eecc000 	C:\Users\jongm\anaconda3\envs\tensorflow\lib\site-packages\pandas\_libs\reshape.cp37-win_amd64.pyd
0x00007ffd93d50000 - 0x00007ffd93d60000 	C:\Users\jongm\anaconda3\envs\tensorflow\lib\site-packages\pandas\_libs\indexing.cp37-win_amd64.pyd
0x00007ffd6e5a0000 - 0x00007ffd6e5d1000 	C:\Users\jongm\anaconda3\envs\tensorflow\lib\site-packages\pandas\_libs\writers.cp37-win_amd64.pyd
0x00007ffd68260000 - 0x00007ffd68298000 	C:\Users\jongm\anaconda3\envs\tensorflow\lib\site-packages\pandas\_libs\internals.cp37-win_amd64.pyd
0x00007ffd30ad0000 - 0x00007ffd30bd8000 	C:\Users\jongm\anaconda3\envs\tensorflow\DLLs\unicodedata.pyd
0x00007ffd67770000 - 0x00007ffd677c6000 	C:\Users\jongm\anaconda3\envs\tensorflow\lib\site-packages\pandas\_libs\window\aggregations.cp37-win_amd64.pyd
0x00007ffd94b50000 - 0x00007ffd94be1000 	C:\windows\SYSTEM32\MSVCP140.dll
0x00007ffd94c40000 - 0x00007ffd94c4c000 	C:\windows\SYSTEM32\VCRUNTIME140_1.dll
0x00007ffd761d0000 - 0x00007ffd761f9000 	C:\Users\jongm\anaconda3\envs\tensorflow\lib\site-packages\pandas\_libs\window\indexers.cp37-win_amd64.pyd
0x00007ffd62880000 - 0x00007ffd62963000 	C:\Users\jongm\anaconda3\envs\tensorflow\lib\site-packages\pandas\_libs\groupby.cp37-win_amd64.pyd
0x00007ffd676d0000 - 0x00007ffd67714000 	C:\Users\jongm\anaconda3\envs\tensorflow\lib\site-packages\pandas\_libs\reduction.cp37-win_amd64.pyd
0x00007ffd5eac0000 - 0x00007ffd5eb2a000 	C:\Users\jongm\anaconda3\envs\tensorflow\lib\site-packages\pandas\_libs\parsers.cp37-win_amd64.pyd
0x00007ffd75f90000 - 0x00007ffd75fa5000 	C:\Users\jongm\anaconda3\envs\tensorflow\lib\site-packages\pandas\_libs\json.cp37-win_amd64.pyd
0x00007ffd736c0000 - 0x00007ffd736d6000 	C:\Users\jongm\anaconda3\envs\tensorflow\lib\site-packages\pandas\_libs\testing.cp37-win_amd64.pyd
0x00007ffd3d5c0000 - 0x00007ffd3d5d5000 	C:\Users\jongm\anaconda3\envs\tensorflow\DLLs\_socket.pyd
0x00007ffd3d5b0000 - 0x00007ffd3d5b9000 	C:\Users\jongm\anaconda3\envs\tensorflow\DLLs\select.pyd
0x00007ffd30c40000 - 0x00007ffd30c5f000 	C:\Users\jongm\anaconda3\envs\tensorflow\DLLs\_ssl.pyd
0x00007ffda7d10000 - 0x00007ffda7e59000 	C:\windows\System32\CRYPT32.dll
0x00007ffda7b70000 - 0x00007ffda7b82000 	C:\windows\System32\MSASN1.dll
0x000000006d480000 - 0x000000006d50d000 	C:\Program Files\Git\mingw64\bin\libssl-1_1-x64.dll
0x00007ffd49f40000 - 0x00007ffd49ffd000 	C:\Users\jongm\anaconda3\envs\tensorflow\lib\site-packages\_jpype.cp37-win_amd64.pyd
0x00007ffd3d540000 - 0x00007ffd3d549000 	C:\Users\jongm\anaconda3\envs\tensorflow\DLLs\_queue.pyd
0x00007ffda73b0000 - 0x00007ffda7417000 	C:\windows\system32\mswsock.dll
0x00007ffd44ae0000 - 0x00007ffd44bb0000 	C:\Users\jongm\anaconda3\envs\tensorflow\lib\site-packages\brotli\_brotli.cp37-win_amd64.pyd
0x00007ffd5e930000 - 0x00007ffd5e963000 	C:\Users\jongm\anaconda3\envs\tensorflow\lib\site-packages\_cffi_backend.cp37-win_amd64.pyd
0x00007ffd35bb0000 - 0x00007ffd35f71000 	C:\Users\jongm\anaconda3\envs\tensorflow\lib\site-packages\lxml\etree.cp37-win_amd64.pyd
0x00007ffd691b0000 - 0x00007ffd691d9000 	C:\Users\jongm\anaconda3\envs\tensorflow\lib\site-packages\lxml\_elementpath.cp37-win_amd64.pyd
0x00000000507d0000 - 0x000000005103c000 	C:\Program Files\Java\jre1.8.0_261\bin\server\jvm.dll
0x00007ffdaa420000 - 0x00007ffdaa428000 	C:\windows\System32\PSAPI.DLL
0x00007ffda03c0000 - 0x00007ffda03e4000 	C:\windows\SYSTEM32\WINMM.dll
0x00007ffda0390000 - 0x00007ffda03bd000 	C:\windows\SYSTEM32\WINMMBASE.dll
0x00007ffda7e60000 - 0x00007ffda7eaa000 	C:\windows\System32\cfgmgr32.dll
0x00007ffd873b0000 - 0x00007ffd873b9000 	C:\windows\SYSTEM32\WSOCK32.dll
0x00007ffd7a540000 - 0x00007ffd7a550000 	C:\Program Files\Java\jre1.8.0_261\bin\verify.dll
0x00007ffd67440000 - 0x00007ffd6746b000 	C:\Program Files\Java\jre1.8.0_261\bin\java.dll
0x00007ffd6f600000 - 0x00007ffd6f618000 	C:\Program Files\Java\jre1.8.0_261\bin\zip.dll
0x00007ffda7b90000 - 0x00007ffda7ba1000 	C:\windows\System32\kernel.appcore.dll
0x00007ffda9a20000 - 0x00007ffdaa107000 	C:\windows\System32\SHELL32.dll
0x00007ffda8d50000 - 0x00007ffda8df9000 	C:\windows\System32\shcore.dll
0x00007ffda8180000 - 0x00007ffda8900000 	C:\windows\System32\windows.storage.dll
0x00007ffda7bb0000 - 0x00007ffda7bd3000 	C:\windows\System32\profapi.dll
0x00007ffda7be0000 - 0x00007ffda7c2a000 	C:\windows\System32\powrprof.dll
0x00007ffda7b60000 - 0x00007ffda7b70000 	C:\windows\System32\UMPDC.dll

VM Arguments:
jvm_args: -Dfile.encoding=UTF8 -ea -Xmx1024m 
java_command: <unknown>
java_class_path (initial): C:\Users\jongm\anaconda3\envs\tensorflow\lib\site-packages\konlpy\java;C:\Users\jongm\anaconda3\envs\tensorflow\lib\site-packages\konlpy\java\bin;C:\Users\jongm\anaconda3\envs\tensorflow\lib\site-packages\konlpy\java\*;C:\Users\jongm\anaconda3\envs\tensorflow\lib\site-packages\konlpy\java\jhannanum-0.8.4.jar;C:\Users\jongm\anaconda3\envs\tensorflow\lib\site-packages\konlpy\java\kkma-2.0.jar;C:\Users\jongm\anaconda3\envs\tensorflow\lib\site-packages\konlpy\java\aho-corasick.jar;C:\Users\jongm\anaconda3\envs\tensorflow\lib\site-packages\konlpy\java\shineware-common-1.0.jar;C:\Users\jongm\anaconda3\envs\tensorflow\lib\site-packages\konlpy\java\shineware-ds-1.0.jar;C:\Users\jongm\anaconda3\envs\tensorflow\lib\site-packages\konlpy\java\komoran-3.0.jar;C:\Users\jongm\anaconda3\envs\tensorflow\lib\site-packages\konlpy\java\snakeyaml-1.12.jar;C:\Users\jongm\anaconda3\envs\tensorflow\lib\site-packages\konlpy\java\scala-library-2.12.3.jar;C:\Users\jongm\anaconda3\envs\tensorflow\lib\site-packages\konlpy\java\open-korean-text-2.1.0.jar;C:\Users\jongm\anaconda3\envs\tensorflow\lib\site-packages\konlpy\java\twitter-text-1.14.7.jar;C:\Users\jongm\anaconda3\envs\tensorflow\lib\site-packages\konlpy\java\*
Launcher Type: generic

Environment Variables:
JAVA_HOME=C:\Program Files\Java\jdk1.8.0_261;C:\Program Files\Java\jre1.8.0_261;
PATH=C:\Program Files\Git\mingw64\bin;C:\Program Files\Git\usr\bin;C:\Users\jongm\bin;C:\Users\jongm\anaconda3\envs\tensorflow;C:\Users\jongm\anaconda3\envs\tensorflow\Library\mingw-w64\bin;C:\Users\jongm\anaconda3\envs\tensorflow\Library\usr\bin;C:\Users\jongm\anaconda3\envs\tensorflow\Library\bin;C:\Users\jongm\anaconda3\envs\tensorflow\Scripts;C:\Users\jongm\anaconda3\envs\tensorflow\bin;C:\Users\jongm\anaconda3\condabin;C:\Program Files (x86)\Common Files\Oracle\Java\javapath;C:\windows\system32;C:\windows;C:\windows\System32\Wbem;C:\windows\System32\WindowsPowerShell\v1.0;C:\windows\System32\OpenSSH;C:\Program Files\Intel\WiFi\bin;C:\Program Files\Common Files\Intel\WirelessCommon;C:\Program Files (x86)\Microsoft SDKs\F#\4.1\Framework\v4.0;C:\Users\jongm\anaconda3;C:\Users\jongm\anaconda3\Scripts;C:\Users\jongm\anaconda3\Library\bin;C:\Users\jongm\anaconda3\Library\mingw-w64\bin;C:\Program Files\Git\cmd;C:\Users\jongm\SBAprojects;C:\Program Files\nodejs;C:\Program Files\MariaDB 10.5\bin;C:\Users\jongm\anaconda3\envs\tensorflow;C:\Users\jongm\anaconda3\envs\tensorflow\Lib;C:\Users\jongm\AppData\Local\Microsoft\WindowsApps;C:\Users\jongm\AppData\Local\Programs\Microsoft VS Code\bin;C:\Users\jongm\AppData\Roaming\npm;C:\Users\jongm\anaconda3\envs\tensorflow\lib\site-packages\numpy\.libs
USERNAME=jongm
OS=Windows_NT
PROCESSOR_IDENTIFIER=Intel64 Family 6 Model 142 Stepping 12, GenuineIntel



---------------  S Y S T E M  ---------------

OS: Windows 10.0 , 64 bit Build 18362 (10.0.18362.1082)

CPU:total 4 (initial active 4) (2 cores per cpu, 2 threads per core) family 6 model 142 stepping 12, cmov, cx8, fxsr, mmx, sse, sse2, sse3, ssse3, sse4.1, sse4.2, popcnt, avx, avx2, aes, clmul, erms, 3dnowpref, lzcnt, ht, tsc, tscinvbit, bmi1, bmi2, adx

Memory: 4k page, physical 8194712k(280244k free), swap 28117656k(10158864k free)

vm_info: Java HotSpot(TM) 64-Bit Server VM (25.261-b12) for windows-amd64 JRE (1.8.0_261-b12), built on Jun 18 2020 06:56:32 by "" with unknown MS VC++:1916

time: Sat Oct 10 22:38:14 2020
timezone: ¢¥eCN©öI¡¾©ö C¡ÍA¨ª¨öA
elapsed time: 10 seconds (0d 0h 0m 10s)

